<?xml version="1.0" ?>
<coverage version="7.8.0" timestamp="1747421472868" lines-valid="1282" lines-covered="1234" line-rate="0.9626" branches-valid="72" branches-covered="36" branch-rate="0.5" complexity="0">
	<!-- Generated by coverage.py: https://coverage.readthedocs.io/en/7.8.0 -->
	<!-- Based on https://raw.githubusercontent.com/cobertura/web/master/htdocs/xml/coverage-04.dtd -->
	<sources>
		<source></source>
	</sources>
	<packages>
		<package name="test" line-rate="1" branch-rate="1" complexity="0">
			<classes>
				<class name="__init__.py" filename="test/__init__.py" complexity="0" line-rate="1" branch-rate="1">
					<methods/>
					<lines/>
				</class>
			</classes>
		</package>
		<package name="test.driver_asyncpg" line-rate="1" branch-rate="1" complexity="0">
			<classes>
				<class name="__init__.py" filename="test/driver_asyncpg/__init__.py" complexity="0" line-rate="1" branch-rate="1">
					<methods/>
					<lines/>
				</class>
			</classes>
		</package>
		<package name="test.driver_asyncpg.attrs.classes" line-rate="0.9631" branch-rate="0.5" complexity="0">
			<classes>
				<class name="__init__.py" filename="test/driver_asyncpg/attrs/classes/__init__.py" complexity="0" line-rate="1" branch-rate="1">
					<methods/>
					<lines/>
				</class>
				<class name="models.py" filename="test/driver_asyncpg/attrs/classes/models.py" complexity="0" line-rate="1" branch-rate="1">
					<methods/>
					<lines>
						<line number="6" hits="1"/>
						<line number="8" hits="1"/>
						<line number="13" hits="1"/>
						<line number="14" hits="1"/>
						<line number="23" hits="1"/>
						<line number="24" hits="1"/>
						<line number="68" hits="1"/>
						<line number="69" hits="1"/>
						<line number="70" hits="1"/>
						<line number="71" hits="1"/>
						<line number="72" hits="1"/>
						<line number="73" hits="1"/>
						<line number="74" hits="1"/>
						<line number="75" hits="1"/>
						<line number="76" hits="1"/>
						<line number="77" hits="1"/>
						<line number="78" hits="1"/>
						<line number="79" hits="1"/>
						<line number="80" hits="1"/>
						<line number="81" hits="1"/>
						<line number="82" hits="1"/>
						<line number="83" hits="1"/>
						<line number="84" hits="1"/>
						<line number="85" hits="1"/>
						<line number="86" hits="1"/>
						<line number="87" hits="1"/>
						<line number="88" hits="1"/>
						<line number="89" hits="1"/>
						<line number="90" hits="1"/>
						<line number="91" hits="1"/>
						<line number="92" hits="1"/>
						<line number="93" hits="1"/>
						<line number="94" hits="1"/>
						<line number="95" hits="1"/>
						<line number="96" hits="1"/>
						<line number="97" hits="1"/>
						<line number="98" hits="1"/>
						<line number="99" hits="1"/>
						<line number="100" hits="1"/>
						<line number="101" hits="1"/>
						<line number="102" hits="1"/>
						<line number="103" hits="1"/>
						<line number="106" hits="1"/>
						<line number="107" hits="1"/>
						<line number="151" hits="1"/>
						<line number="152" hits="1"/>
						<line number="153" hits="1"/>
						<line number="154" hits="1"/>
						<line number="155" hits="1"/>
						<line number="156" hits="1"/>
						<line number="157" hits="1"/>
						<line number="158" hits="1"/>
						<line number="159" hits="1"/>
						<line number="160" hits="1"/>
						<line number="161" hits="1"/>
						<line number="162" hits="1"/>
						<line number="163" hits="1"/>
						<line number="164" hits="1"/>
						<line number="165" hits="1"/>
						<line number="166" hits="1"/>
						<line number="167" hits="1"/>
						<line number="168" hits="1"/>
						<line number="169" hits="1"/>
						<line number="170" hits="1"/>
						<line number="171" hits="1"/>
						<line number="172" hits="1"/>
						<line number="173" hits="1"/>
						<line number="174" hits="1"/>
						<line number="175" hits="1"/>
						<line number="176" hits="1"/>
						<line number="177" hits="1"/>
						<line number="178" hits="1"/>
						<line number="179" hits="1"/>
						<line number="180" hits="1"/>
						<line number="181" hits="1"/>
						<line number="182" hits="1"/>
						<line number="183" hits="1"/>
						<line number="184" hits="1"/>
						<line number="185" hits="1"/>
						<line number="186" hits="1"/>
					</lines>
				</class>
				<class name="queries.py" filename="test/driver_asyncpg/attrs/classes/queries.py" complexity="0" line-rate="0.9416" branch-rate="0.5">
					<methods/>
					<lines>
						<line number="6" hits="1"/>
						<line number="8" hits="1"/>
						<line number="14" hits="1"/>
						<line number="15" hits="1"/>
						<line number="23" hits="1"/>
						<line number="26" hits="1"/>
						<line number="27" hits="1"/>
						<line number="37" hits="1"/>
						<line number="38" hits="1"/>
						<line number="41" hits="1"/>
						<line number="42" hits="1"/>
						<line number="87" hits="1"/>
						<line number="88" hits="1"/>
						<line number="89" hits="1"/>
						<line number="90" hits="1"/>
						<line number="91" hits="1"/>
						<line number="92" hits="1"/>
						<line number="93" hits="1"/>
						<line number="94" hits="1"/>
						<line number="95" hits="1"/>
						<line number="96" hits="1"/>
						<line number="97" hits="1"/>
						<line number="98" hits="1"/>
						<line number="99" hits="1"/>
						<line number="100" hits="1"/>
						<line number="101" hits="1"/>
						<line number="102" hits="1"/>
						<line number="103" hits="1"/>
						<line number="104" hits="1"/>
						<line number="105" hits="1"/>
						<line number="106" hits="1"/>
						<line number="107" hits="1"/>
						<line number="108" hits="1"/>
						<line number="109" hits="1"/>
						<line number="110" hits="1"/>
						<line number="111" hits="1"/>
						<line number="112" hits="1"/>
						<line number="113" hits="1"/>
						<line number="114" hits="1"/>
						<line number="115" hits="1"/>
						<line number="116" hits="1"/>
						<line number="117" hits="1"/>
						<line number="118" hits="1"/>
						<line number="119" hits="1"/>
						<line number="120" hits="1"/>
						<line number="121" hits="1"/>
						<line number="122" hits="1"/>
						<line number="123" hits="1"/>
						<line number="126" hits="1"/>
						<line number="170" hits="1"/>
						<line number="214" hits="1"/>
						<line number="258" hits="1"/>
						<line number="302" hits="1"/>
						<line number="310" hits="1"/>
						<line number="316" hits="1"/>
						<line number="322" hits="1"/>
						<line number="328" hits="1"/>
						<line number="334" hits="1"/>
						<line number="341" hits="1"/>
						<line number="348" hits="1"/>
						<line number="354" hits="1"/>
						<line number="360" hits="1"/>
						<line number="366" hits="1"/>
						<line number="372" hits="1"/>
						<line number="378" hits="1"/>
						<line number="384" hits="1"/>
						<line number="390" hits="1"/>
						<line number="396" hits="1"/>
						<line number="403" hits="1"/>
						<line number="413" hits="1"/>
						<line number="415" hits="1"/>
						<line number="417" hits="1"/>
						<line number="419" hits="1"/>
						<line number="506" hits="1"/>
						<line number="508" hits="1"/>
						<line number="595" hits="1"/>
						<line number="597" hits="1"/>
						<line number="689" hits="1"/>
						<line number="691" hits="1"/>
						<line number="783" hits="1"/>
						<line number="784" hits="1"/>
						<line number="786" hits="1"/>
						<line number="803" hits="1"/>
						<line number="804" hits="1"/>
						<line number="806" hits="1"/>
						<line number="825" hits="1"/>
						<line number="827" hits="1"/>
						<line number="846" hits="0"/>
						<line number="847" hits="0"/>
						<line number="849" hits="1"/>
						<line number="863" hits="1"/>
						<line number="865" hits="1"/>
						<line number="879" hits="1"/>
						<line number="881" hits="1"/>
						<line number="901" hits="1"/>
						<line number="902" hits="1" branch="true" condition-coverage="50% (1/2)" missing-branches="903"/>
						<line number="903" hits="0"/>
						<line number="904" hits="1"/>
						<line number="906" hits="1"/>
						<line number="926" hits="1"/>
						<line number="927" hits="1" branch="true" condition-coverage="50% (1/2)" missing-branches="928"/>
						<line number="928" hits="0"/>
						<line number="929" hits="1"/>
						<line number="931" hits="1"/>
						<line number="950" hits="1"/>
						<line number="951" hits="1"/>
						<line number="956" hits="1"/>
						<line number="975" hits="1"/>
						<line number="976" hits="1"/>
						<line number="981" hits="1"/>
						<line number="1000" hits="1"/>
						<line number="1001" hits="1"/>
						<line number="1006" hits="1"/>
						<line number="1025" hits="1"/>
						<line number="1026" hits="1" branch="true" condition-coverage="50% (1/2)" missing-branches="1027"/>
						<line number="1027" hits="0"/>
						<line number="1028" hits="1"/>
						<line number="1030" hits="1"/>
						<line number="1049" hits="1"/>
						<line number="1050" hits="1" branch="true" condition-coverage="50% (1/2)" missing-branches="1051"/>
						<line number="1051" hits="0"/>
						<line number="1052" hits="1"/>
						<line number="1054" hits="1"/>
						<line number="1073" hits="1"/>
						<line number="1074" hits="1" branch="true" condition-coverage="50% (1/2)" missing-branches="1075"/>
						<line number="1075" hits="0"/>
						<line number="1076" hits="1"/>
						<line number="1078" hits="1"/>
						<line number="1097" hits="1"/>
						<line number="1098" hits="1" branch="true" condition-coverage="50% (1/2)" missing-branches="1099"/>
						<line number="1099" hits="0"/>
						<line number="1100" hits="1"/>
						<line number="1102" hits="1"/>
						<line number="1121" hits="1"/>
						<line number="1123" hits="1"/>
						<line number="1142" hits="1"/>
						<line number="1143" hits="1"/>
					</lines>
				</class>
			</classes>
		</package>
		<package name="test.driver_asyncpg.attrs.functions" line-rate="0.9624" branch-rate="0.5" complexity="0">
			<classes>
				<class name="__init__.py" filename="test/driver_asyncpg/attrs/functions/__init__.py" complexity="0" line-rate="1" branch-rate="1">
					<methods/>
					<lines/>
				</class>
				<class name="models.py" filename="test/driver_asyncpg/attrs/functions/models.py" complexity="0" line-rate="1" branch-rate="1">
					<methods/>
					<lines>
						<line number="6" hits="1"/>
						<line number="8" hits="1"/>
						<line number="13" hits="1"/>
						<line number="14" hits="1"/>
						<line number="23" hits="1"/>
						<line number="24" hits="1"/>
						<line number="68" hits="1"/>
						<line number="69" hits="1"/>
						<line number="70" hits="1"/>
						<line number="71" hits="1"/>
						<line number="72" hits="1"/>
						<line number="73" hits="1"/>
						<line number="74" hits="1"/>
						<line number="75" hits="1"/>
						<line number="76" hits="1"/>
						<line number="77" hits="1"/>
						<line number="78" hits="1"/>
						<line number="79" hits="1"/>
						<line number="80" hits="1"/>
						<line number="81" hits="1"/>
						<line number="82" hits="1"/>
						<line number="83" hits="1"/>
						<line number="84" hits="1"/>
						<line number="85" hits="1"/>
						<line number="86" hits="1"/>
						<line number="87" hits="1"/>
						<line number="88" hits="1"/>
						<line number="89" hits="1"/>
						<line number="90" hits="1"/>
						<line number="91" hits="1"/>
						<line number="92" hits="1"/>
						<line number="93" hits="1"/>
						<line number="94" hits="1"/>
						<line number="95" hits="1"/>
						<line number="96" hits="1"/>
						<line number="97" hits="1"/>
						<line number="98" hits="1"/>
						<line number="99" hits="1"/>
						<line number="100" hits="1"/>
						<line number="101" hits="1"/>
						<line number="102" hits="1"/>
						<line number="103" hits="1"/>
						<line number="106" hits="1"/>
						<line number="107" hits="1"/>
						<line number="151" hits="1"/>
						<line number="152" hits="1"/>
						<line number="153" hits="1"/>
						<line number="154" hits="1"/>
						<line number="155" hits="1"/>
						<line number="156" hits="1"/>
						<line number="157" hits="1"/>
						<line number="158" hits="1"/>
						<line number="159" hits="1"/>
						<line number="160" hits="1"/>
						<line number="161" hits="1"/>
						<line number="162" hits="1"/>
						<line number="163" hits="1"/>
						<line number="164" hits="1"/>
						<line number="165" hits="1"/>
						<line number="166" hits="1"/>
						<line number="167" hits="1"/>
						<line number="168" hits="1"/>
						<line number="169" hits="1"/>
						<line number="170" hits="1"/>
						<line number="171" hits="1"/>
						<line number="172" hits="1"/>
						<line number="173" hits="1"/>
						<line number="174" hits="1"/>
						<line number="175" hits="1"/>
						<line number="176" hits="1"/>
						<line number="177" hits="1"/>
						<line number="178" hits="1"/>
						<line number="179" hits="1"/>
						<line number="180" hits="1"/>
						<line number="181" hits="1"/>
						<line number="182" hits="1"/>
						<line number="183" hits="1"/>
						<line number="184" hits="1"/>
						<line number="185" hits="1"/>
						<line number="186" hits="1"/>
					</lines>
				</class>
				<class name="queries.py" filename="test/driver_asyncpg/attrs/functions/queries.py" complexity="0" line-rate="0.9398" branch-rate="0.5">
					<methods/>
					<lines>
						<line number="6" hits="1"/>
						<line number="8" hits="1"/>
						<line number="33" hits="1"/>
						<line number="34" hits="1"/>
						<line number="42" hits="1"/>
						<line number="45" hits="1"/>
						<line number="46" hits="1"/>
						<line number="56" hits="1"/>
						<line number="57" hits="1"/>
						<line number="60" hits="1"/>
						<line number="61" hits="1"/>
						<line number="106" hits="1"/>
						<line number="107" hits="1"/>
						<line number="108" hits="1"/>
						<line number="109" hits="1"/>
						<line number="110" hits="1"/>
						<line number="111" hits="1"/>
						<line number="112" hits="1"/>
						<line number="113" hits="1"/>
						<line number="114" hits="1"/>
						<line number="115" hits="1"/>
						<line number="116" hits="1"/>
						<line number="117" hits="1"/>
						<line number="118" hits="1"/>
						<line number="119" hits="1"/>
						<line number="120" hits="1"/>
						<line number="121" hits="1"/>
						<line number="122" hits="1"/>
						<line number="123" hits="1"/>
						<line number="124" hits="1"/>
						<line number="125" hits="1"/>
						<line number="126" hits="1"/>
						<line number="127" hits="1"/>
						<line number="128" hits="1"/>
						<line number="129" hits="1"/>
						<line number="130" hits="1"/>
						<line number="131" hits="1"/>
						<line number="132" hits="1"/>
						<line number="133" hits="1"/>
						<line number="134" hits="1"/>
						<line number="135" hits="1"/>
						<line number="136" hits="1"/>
						<line number="137" hits="1"/>
						<line number="138" hits="1"/>
						<line number="139" hits="1"/>
						<line number="140" hits="1"/>
						<line number="141" hits="1"/>
						<line number="142" hits="1"/>
						<line number="145" hits="1"/>
						<line number="189" hits="1"/>
						<line number="233" hits="1"/>
						<line number="277" hits="1"/>
						<line number="321" hits="1"/>
						<line number="329" hits="1"/>
						<line number="335" hits="1"/>
						<line number="341" hits="1"/>
						<line number="347" hits="1"/>
						<line number="353" hits="1"/>
						<line number="360" hits="1"/>
						<line number="367" hits="1"/>
						<line number="373" hits="1"/>
						<line number="379" hits="1"/>
						<line number="385" hits="1"/>
						<line number="391" hits="1"/>
						<line number="397" hits="1"/>
						<line number="403" hits="1"/>
						<line number="409" hits="1"/>
						<line number="415" hits="1"/>
						<line number="422" hits="1"/>
						<line number="511" hits="1"/>
						<line number="514" hits="1"/>
						<line number="603" hits="1"/>
						<line number="606" hits="1"/>
						<line number="700" hits="1"/>
						<line number="703" hits="1"/>
						<line number="797" hits="1"/>
						<line number="798" hits="1"/>
						<line number="801" hits="1"/>
						<line number="823" hits="1"/>
						<line number="824" hits="1"/>
						<line number="827" hits="1"/>
						<line number="848" hits="1"/>
						<line number="851" hits="1"/>
						<line number="872" hits="0"/>
						<line number="873" hits="0"/>
						<line number="876" hits="1"/>
						<line number="892" hits="1"/>
						<line number="895" hits="1"/>
						<line number="911" hits="1"/>
						<line number="914" hits="1"/>
						<line number="936" hits="1"/>
						<line number="937" hits="1" branch="true" condition-coverage="50% (1/2)" missing-branches="938"/>
						<line number="938" hits="0"/>
						<line number="939" hits="1"/>
						<line number="942" hits="1"/>
						<line number="964" hits="1"/>
						<line number="965" hits="1" branch="true" condition-coverage="50% (1/2)" missing-branches="966"/>
						<line number="966" hits="0"/>
						<line number="967" hits="1"/>
						<line number="970" hits="1"/>
						<line number="991" hits="1"/>
						<line number="992" hits="1"/>
						<line number="998" hits="1"/>
						<line number="1019" hits="1"/>
						<line number="1020" hits="1"/>
						<line number="1026" hits="1"/>
						<line number="1047" hits="1"/>
						<line number="1048" hits="1"/>
						<line number="1054" hits="1"/>
						<line number="1075" hits="1"/>
						<line number="1076" hits="1" branch="true" condition-coverage="50% (1/2)" missing-branches="1077"/>
						<line number="1077" hits="0"/>
						<line number="1078" hits="1"/>
						<line number="1081" hits="1"/>
						<line number="1102" hits="1"/>
						<line number="1103" hits="1" branch="true" condition-coverage="50% (1/2)" missing-branches="1104"/>
						<line number="1104" hits="0"/>
						<line number="1105" hits="1"/>
						<line number="1108" hits="1"/>
						<line number="1129" hits="1"/>
						<line number="1130" hits="1" branch="true" condition-coverage="50% (1/2)" missing-branches="1131"/>
						<line number="1131" hits="0"/>
						<line number="1132" hits="1"/>
						<line number="1135" hits="1"/>
						<line number="1156" hits="1"/>
						<line number="1157" hits="1" branch="true" condition-coverage="50% (1/2)" missing-branches="1158"/>
						<line number="1158" hits="0"/>
						<line number="1159" hits="1"/>
						<line number="1162" hits="1"/>
						<line number="1183" hits="1"/>
						<line number="1186" hits="1"/>
						<line number="1207" hits="1"/>
						<line number="1208" hits="1"/>
					</lines>
				</class>
			</classes>
		</package>
		<package name="test.driver_asyncpg.dataclass.classes" line-rate="0.9631" branch-rate="0.5" complexity="0">
			<classes>
				<class name="__init__.py" filename="test/driver_asyncpg/dataclass/classes/__init__.py" complexity="0" line-rate="1" branch-rate="1">
					<methods/>
					<lines/>
				</class>
				<class name="models.py" filename="test/driver_asyncpg/dataclass/classes/models.py" complexity="0" line-rate="1" branch-rate="1">
					<methods/>
					<lines>
						<line number="6" hits="1"/>
						<line number="8" hits="1"/>
						<line number="13" hits="1"/>
						<line number="14" hits="1"/>
						<line number="23" hits="1"/>
						<line number="24" hits="1"/>
						<line number="66" hits="1"/>
						<line number="67" hits="1"/>
						<line number="68" hits="1"/>
						<line number="69" hits="1"/>
						<line number="70" hits="1"/>
						<line number="71" hits="1"/>
						<line number="72" hits="1"/>
						<line number="73" hits="1"/>
						<line number="74" hits="1"/>
						<line number="75" hits="1"/>
						<line number="76" hits="1"/>
						<line number="77" hits="1"/>
						<line number="78" hits="1"/>
						<line number="79" hits="1"/>
						<line number="80" hits="1"/>
						<line number="81" hits="1"/>
						<line number="82" hits="1"/>
						<line number="83" hits="1"/>
						<line number="84" hits="1"/>
						<line number="85" hits="1"/>
						<line number="86" hits="1"/>
						<line number="87" hits="1"/>
						<line number="88" hits="1"/>
						<line number="89" hits="1"/>
						<line number="90" hits="1"/>
						<line number="91" hits="1"/>
						<line number="92" hits="1"/>
						<line number="93" hits="1"/>
						<line number="94" hits="1"/>
						<line number="95" hits="1"/>
						<line number="96" hits="1"/>
						<line number="97" hits="1"/>
						<line number="98" hits="1"/>
						<line number="99" hits="1"/>
						<line number="100" hits="1"/>
						<line number="101" hits="1"/>
						<line number="104" hits="1"/>
						<line number="105" hits="1"/>
						<line number="147" hits="1"/>
						<line number="148" hits="1"/>
						<line number="149" hits="1"/>
						<line number="150" hits="1"/>
						<line number="151" hits="1"/>
						<line number="152" hits="1"/>
						<line number="153" hits="1"/>
						<line number="154" hits="1"/>
						<line number="155" hits="1"/>
						<line number="156" hits="1"/>
						<line number="157" hits="1"/>
						<line number="158" hits="1"/>
						<line number="159" hits="1"/>
						<line number="160" hits="1"/>
						<line number="161" hits="1"/>
						<line number="162" hits="1"/>
						<line number="163" hits="1"/>
						<line number="164" hits="1"/>
						<line number="165" hits="1"/>
						<line number="166" hits="1"/>
						<line number="167" hits="1"/>
						<line number="168" hits="1"/>
						<line number="169" hits="1"/>
						<line number="170" hits="1"/>
						<line number="171" hits="1"/>
						<line number="172" hits="1"/>
						<line number="173" hits="1"/>
						<line number="174" hits="1"/>
						<line number="175" hits="1"/>
						<line number="176" hits="1"/>
						<line number="177" hits="1"/>
						<line number="178" hits="1"/>
						<line number="179" hits="1"/>
						<line number="180" hits="1"/>
						<line number="181" hits="1"/>
						<line number="182" hits="1"/>
					</lines>
				</class>
				<class name="queries.py" filename="test/driver_asyncpg/dataclass/classes/queries.py" complexity="0" line-rate="0.9416" branch-rate="0.5">
					<methods/>
					<lines>
						<line number="6" hits="1"/>
						<line number="8" hits="1"/>
						<line number="14" hits="1"/>
						<line number="15" hits="1"/>
						<line number="23" hits="1"/>
						<line number="26" hits="1"/>
						<line number="27" hits="1"/>
						<line number="35" hits="1"/>
						<line number="36" hits="1"/>
						<line number="39" hits="1"/>
						<line number="40" hits="1"/>
						<line number="83" hits="1"/>
						<line number="84" hits="1"/>
						<line number="85" hits="1"/>
						<line number="86" hits="1"/>
						<line number="87" hits="1"/>
						<line number="88" hits="1"/>
						<line number="89" hits="1"/>
						<line number="90" hits="1"/>
						<line number="91" hits="1"/>
						<line number="92" hits="1"/>
						<line number="93" hits="1"/>
						<line number="94" hits="1"/>
						<line number="95" hits="1"/>
						<line number="96" hits="1"/>
						<line number="97" hits="1"/>
						<line number="98" hits="1"/>
						<line number="99" hits="1"/>
						<line number="100" hits="1"/>
						<line number="101" hits="1"/>
						<line number="102" hits="1"/>
						<line number="103" hits="1"/>
						<line number="104" hits="1"/>
						<line number="105" hits="1"/>
						<line number="106" hits="1"/>
						<line number="107" hits="1"/>
						<line number="108" hits="1"/>
						<line number="109" hits="1"/>
						<line number="110" hits="1"/>
						<line number="111" hits="1"/>
						<line number="112" hits="1"/>
						<line number="113" hits="1"/>
						<line number="114" hits="1"/>
						<line number="115" hits="1"/>
						<line number="116" hits="1"/>
						<line number="117" hits="1"/>
						<line number="118" hits="1"/>
						<line number="119" hits="1"/>
						<line number="122" hits="1"/>
						<line number="166" hits="1"/>
						<line number="210" hits="1"/>
						<line number="254" hits="1"/>
						<line number="298" hits="1"/>
						<line number="306" hits="1"/>
						<line number="312" hits="1"/>
						<line number="318" hits="1"/>
						<line number="324" hits="1"/>
						<line number="330" hits="1"/>
						<line number="337" hits="1"/>
						<line number="344" hits="1"/>
						<line number="350" hits="1"/>
						<line number="356" hits="1"/>
						<line number="362" hits="1"/>
						<line number="368" hits="1"/>
						<line number="374" hits="1"/>
						<line number="380" hits="1"/>
						<line number="386" hits="1"/>
						<line number="392" hits="1"/>
						<line number="399" hits="1"/>
						<line number="402" hits="1"/>
						<line number="404" hits="1"/>
						<line number="411" hits="1"/>
						<line number="413" hits="1"/>
						<line number="498" hits="1"/>
						<line number="500" hits="1"/>
						<line number="585" hits="1"/>
						<line number="587" hits="1"/>
						<line number="675" hits="1"/>
						<line number="677" hits="1"/>
						<line number="765" hits="1"/>
						<line number="766" hits="1"/>
						<line number="768" hits="1"/>
						<line number="782" hits="1"/>
						<line number="783" hits="1"/>
						<line number="785" hits="1"/>
						<line number="800" hits="1"/>
						<line number="802" hits="1"/>
						<line number="817" hits="0"/>
						<line number="818" hits="0"/>
						<line number="820" hits="1"/>
						<line number="832" hits="1"/>
						<line number="834" hits="1"/>
						<line number="846" hits="1"/>
						<line number="848" hits="1"/>
						<line number="864" hits="1"/>
						<line number="865" hits="1" branch="true" condition-coverage="50% (1/2)" missing-branches="866"/>
						<line number="866" hits="0"/>
						<line number="867" hits="1"/>
						<line number="869" hits="1"/>
						<line number="885" hits="1"/>
						<line number="886" hits="1" branch="true" condition-coverage="50% (1/2)" missing-branches="887"/>
						<line number="887" hits="0"/>
						<line number="888" hits="1"/>
						<line number="890" hits="1"/>
						<line number="905" hits="1"/>
						<line number="906" hits="1"/>
						<line number="911" hits="1"/>
						<line number="926" hits="1"/>
						<line number="927" hits="1"/>
						<line number="932" hits="1"/>
						<line number="947" hits="1"/>
						<line number="948" hits="1"/>
						<line number="953" hits="1"/>
						<line number="968" hits="1"/>
						<line number="969" hits="1" branch="true" condition-coverage="50% (1/2)" missing-branches="970"/>
						<line number="970" hits="0"/>
						<line number="971" hits="1"/>
						<line number="973" hits="1"/>
						<line number="988" hits="1"/>
						<line number="989" hits="1" branch="true" condition-coverage="50% (1/2)" missing-branches="990"/>
						<line number="990" hits="0"/>
						<line number="991" hits="1"/>
						<line number="993" hits="1"/>
						<line number="1008" hits="1"/>
						<line number="1009" hits="1" branch="true" condition-coverage="50% (1/2)" missing-branches="1010"/>
						<line number="1010" hits="0"/>
						<line number="1011" hits="1"/>
						<line number="1013" hits="1"/>
						<line number="1028" hits="1"/>
						<line number="1029" hits="1" branch="true" condition-coverage="50% (1/2)" missing-branches="1030"/>
						<line number="1030" hits="0"/>
						<line number="1031" hits="1"/>
						<line number="1033" hits="1"/>
						<line number="1048" hits="1"/>
						<line number="1050" hits="1"/>
						<line number="1065" hits="1"/>
						<line number="1066" hits="1"/>
					</lines>
				</class>
			</classes>
		</package>
		<package name="test.driver_asyncpg.dataclass.functions" line-rate="0.9624" branch-rate="0.5" complexity="0">
			<classes>
				<class name="__init__.py" filename="test/driver_asyncpg/dataclass/functions/__init__.py" complexity="0" line-rate="1" branch-rate="1">
					<methods/>
					<lines/>
				</class>
				<class name="models.py" filename="test/driver_asyncpg/dataclass/functions/models.py" complexity="0" line-rate="1" branch-rate="1">
					<methods/>
					<lines>
						<line number="6" hits="1"/>
						<line number="8" hits="1"/>
						<line number="13" hits="1"/>
						<line number="14" hits="1"/>
						<line number="23" hits="1"/>
						<line number="24" hits="1"/>
						<line number="66" hits="1"/>
						<line number="67" hits="1"/>
						<line number="68" hits="1"/>
						<line number="69" hits="1"/>
						<line number="70" hits="1"/>
						<line number="71" hits="1"/>
						<line number="72" hits="1"/>
						<line number="73" hits="1"/>
						<line number="74" hits="1"/>
						<line number="75" hits="1"/>
						<line number="76" hits="1"/>
						<line number="77" hits="1"/>
						<line number="78" hits="1"/>
						<line number="79" hits="1"/>
						<line number="80" hits="1"/>
						<line number="81" hits="1"/>
						<line number="82" hits="1"/>
						<line number="83" hits="1"/>
						<line number="84" hits="1"/>
						<line number="85" hits="1"/>
						<line number="86" hits="1"/>
						<line number="87" hits="1"/>
						<line number="88" hits="1"/>
						<line number="89" hits="1"/>
						<line number="90" hits="1"/>
						<line number="91" hits="1"/>
						<line number="92" hits="1"/>
						<line number="93" hits="1"/>
						<line number="94" hits="1"/>
						<line number="95" hits="1"/>
						<line number="96" hits="1"/>
						<line number="97" hits="1"/>
						<line number="98" hits="1"/>
						<line number="99" hits="1"/>
						<line number="100" hits="1"/>
						<line number="101" hits="1"/>
						<line number="104" hits="1"/>
						<line number="105" hits="1"/>
						<line number="147" hits="1"/>
						<line number="148" hits="1"/>
						<line number="149" hits="1"/>
						<line number="150" hits="1"/>
						<line number="151" hits="1"/>
						<line number="152" hits="1"/>
						<line number="153" hits="1"/>
						<line number="154" hits="1"/>
						<line number="155" hits="1"/>
						<line number="156" hits="1"/>
						<line number="157" hits="1"/>
						<line number="158" hits="1"/>
						<line number="159" hits="1"/>
						<line number="160" hits="1"/>
						<line number="161" hits="1"/>
						<line number="162" hits="1"/>
						<line number="163" hits="1"/>
						<line number="164" hits="1"/>
						<line number="165" hits="1"/>
						<line number="166" hits="1"/>
						<line number="167" hits="1"/>
						<line number="168" hits="1"/>
						<line number="169" hits="1"/>
						<line number="170" hits="1"/>
						<line number="171" hits="1"/>
						<line number="172" hits="1"/>
						<line number="173" hits="1"/>
						<line number="174" hits="1"/>
						<line number="175" hits="1"/>
						<line number="176" hits="1"/>
						<line number="177" hits="1"/>
						<line number="178" hits="1"/>
						<line number="179" hits="1"/>
						<line number="180" hits="1"/>
						<line number="181" hits="1"/>
						<line number="182" hits="1"/>
					</lines>
				</class>
				<class name="queries.py" filename="test/driver_asyncpg/dataclass/functions/queries.py" complexity="0" line-rate="0.9398" branch-rate="0.5">
					<methods/>
					<lines>
						<line number="6" hits="1"/>
						<line number="8" hits="1"/>
						<line number="33" hits="1"/>
						<line number="34" hits="1"/>
						<line number="42" hits="1"/>
						<line number="45" hits="1"/>
						<line number="46" hits="1"/>
						<line number="54" hits="1"/>
						<line number="55" hits="1"/>
						<line number="58" hits="1"/>
						<line number="59" hits="1"/>
						<line number="102" hits="1"/>
						<line number="103" hits="1"/>
						<line number="104" hits="1"/>
						<line number="105" hits="1"/>
						<line number="106" hits="1"/>
						<line number="107" hits="1"/>
						<line number="108" hits="1"/>
						<line number="109" hits="1"/>
						<line number="110" hits="1"/>
						<line number="111" hits="1"/>
						<line number="112" hits="1"/>
						<line number="113" hits="1"/>
						<line number="114" hits="1"/>
						<line number="115" hits="1"/>
						<line number="116" hits="1"/>
						<line number="117" hits="1"/>
						<line number="118" hits="1"/>
						<line number="119" hits="1"/>
						<line number="120" hits="1"/>
						<line number="121" hits="1"/>
						<line number="122" hits="1"/>
						<line number="123" hits="1"/>
						<line number="124" hits="1"/>
						<line number="125" hits="1"/>
						<line number="126" hits="1"/>
						<line number="127" hits="1"/>
						<line number="128" hits="1"/>
						<line number="129" hits="1"/>
						<line number="130" hits="1"/>
						<line number="131" hits="1"/>
						<line number="132" hits="1"/>
						<line number="133" hits="1"/>
						<line number="134" hits="1"/>
						<line number="135" hits="1"/>
						<line number="136" hits="1"/>
						<line number="137" hits="1"/>
						<line number="138" hits="1"/>
						<line number="141" hits="1"/>
						<line number="185" hits="1"/>
						<line number="229" hits="1"/>
						<line number="273" hits="1"/>
						<line number="317" hits="1"/>
						<line number="325" hits="1"/>
						<line number="331" hits="1"/>
						<line number="337" hits="1"/>
						<line number="343" hits="1"/>
						<line number="349" hits="1"/>
						<line number="356" hits="1"/>
						<line number="363" hits="1"/>
						<line number="369" hits="1"/>
						<line number="375" hits="1"/>
						<line number="381" hits="1"/>
						<line number="387" hits="1"/>
						<line number="393" hits="1"/>
						<line number="399" hits="1"/>
						<line number="405" hits="1"/>
						<line number="411" hits="1"/>
						<line number="418" hits="1"/>
						<line number="505" hits="1"/>
						<line number="508" hits="1"/>
						<line number="595" hits="1"/>
						<line number="598" hits="1"/>
						<line number="688" hits="1"/>
						<line number="691" hits="1"/>
						<line number="781" hits="1"/>
						<line number="782" hits="1"/>
						<line number="785" hits="1"/>
						<line number="803" hits="1"/>
						<line number="804" hits="1"/>
						<line number="807" hits="1"/>
						<line number="824" hits="1"/>
						<line number="827" hits="1"/>
						<line number="844" hits="0"/>
						<line number="845" hits="0"/>
						<line number="848" hits="1"/>
						<line number="862" hits="1"/>
						<line number="865" hits="1"/>
						<line number="879" hits="1"/>
						<line number="882" hits="1"/>
						<line number="900" hits="1"/>
						<line number="901" hits="1" branch="true" condition-coverage="50% (1/2)" missing-branches="902"/>
						<line number="902" hits="0"/>
						<line number="903" hits="1"/>
						<line number="906" hits="1"/>
						<line number="924" hits="1"/>
						<line number="925" hits="1" branch="true" condition-coverage="50% (1/2)" missing-branches="926"/>
						<line number="926" hits="0"/>
						<line number="927" hits="1"/>
						<line number="930" hits="1"/>
						<line number="947" hits="1"/>
						<line number="948" hits="1"/>
						<line number="954" hits="1"/>
						<line number="971" hits="1"/>
						<line number="972" hits="1"/>
						<line number="978" hits="1"/>
						<line number="995" hits="1"/>
						<line number="996" hits="1"/>
						<line number="1002" hits="1"/>
						<line number="1019" hits="1"/>
						<line number="1020" hits="1" branch="true" condition-coverage="50% (1/2)" missing-branches="1021"/>
						<line number="1021" hits="0"/>
						<line number="1022" hits="1"/>
						<line number="1025" hits="1"/>
						<line number="1042" hits="1"/>
						<line number="1043" hits="1" branch="true" condition-coverage="50% (1/2)" missing-branches="1044"/>
						<line number="1044" hits="0"/>
						<line number="1045" hits="1"/>
						<line number="1048" hits="1"/>
						<line number="1065" hits="1"/>
						<line number="1066" hits="1" branch="true" condition-coverage="50% (1/2)" missing-branches="1067"/>
						<line number="1067" hits="0"/>
						<line number="1068" hits="1"/>
						<line number="1071" hits="1"/>
						<line number="1088" hits="1"/>
						<line number="1089" hits="1" branch="true" condition-coverage="50% (1/2)" missing-branches="1090"/>
						<line number="1090" hits="0"/>
						<line number="1091" hits="1"/>
						<line number="1094" hits="1"/>
						<line number="1111" hits="1"/>
						<line number="1114" hits="1"/>
						<line number="1131" hits="1"/>
						<line number="1132" hits="1"/>
					</lines>
				</class>
			</classes>
		</package>
		<package name="test.driver_asyncpg.msgspec.classes" line-rate="0.9624" branch-rate="0.5" complexity="0">
			<classes>
				<class name="__init__.py" filename="test/driver_asyncpg/msgspec/classes/__init__.py" complexity="0" line-rate="1" branch-rate="1">
					<methods/>
					<lines/>
				</class>
				<class name="models.py" filename="test/driver_asyncpg/msgspec/classes/models.py" complexity="0" line-rate="1" branch-rate="1">
					<methods/>
					<lines>
						<line number="6" hits="1"/>
						<line number="8" hits="1"/>
						<line number="13" hits="1"/>
						<line number="14" hits="1"/>
						<line number="23" hits="1"/>
						<line number="65" hits="1"/>
						<line number="66" hits="1"/>
						<line number="67" hits="1"/>
						<line number="68" hits="1"/>
						<line number="69" hits="1"/>
						<line number="70" hits="1"/>
						<line number="71" hits="1"/>
						<line number="72" hits="1"/>
						<line number="73" hits="1"/>
						<line number="74" hits="1"/>
						<line number="75" hits="1"/>
						<line number="76" hits="1"/>
						<line number="77" hits="1"/>
						<line number="78" hits="1"/>
						<line number="79" hits="1"/>
						<line number="80" hits="1"/>
						<line number="81" hits="1"/>
						<line number="82" hits="1"/>
						<line number="83" hits="1"/>
						<line number="84" hits="1"/>
						<line number="85" hits="1"/>
						<line number="86" hits="1"/>
						<line number="87" hits="1"/>
						<line number="88" hits="1"/>
						<line number="89" hits="1"/>
						<line number="90" hits="1"/>
						<line number="91" hits="1"/>
						<line number="92" hits="1"/>
						<line number="93" hits="1"/>
						<line number="94" hits="1"/>
						<line number="95" hits="1"/>
						<line number="96" hits="1"/>
						<line number="97" hits="1"/>
						<line number="98" hits="1"/>
						<line number="99" hits="1"/>
						<line number="100" hits="1"/>
						<line number="103" hits="1"/>
						<line number="145" hits="1"/>
						<line number="146" hits="1"/>
						<line number="147" hits="1"/>
						<line number="148" hits="1"/>
						<line number="149" hits="1"/>
						<line number="150" hits="1"/>
						<line number="151" hits="1"/>
						<line number="152" hits="1"/>
						<line number="153" hits="1"/>
						<line number="154" hits="1"/>
						<line number="155" hits="1"/>
						<line number="156" hits="1"/>
						<line number="157" hits="1"/>
						<line number="158" hits="1"/>
						<line number="159" hits="1"/>
						<line number="160" hits="1"/>
						<line number="161" hits="1"/>
						<line number="162" hits="1"/>
						<line number="163" hits="1"/>
						<line number="164" hits="1"/>
						<line number="165" hits="1"/>
						<line number="166" hits="1"/>
						<line number="167" hits="1"/>
						<line number="168" hits="1"/>
						<line number="169" hits="1"/>
						<line number="170" hits="1"/>
						<line number="171" hits="1"/>
						<line number="172" hits="1"/>
						<line number="173" hits="1"/>
						<line number="174" hits="1"/>
						<line number="175" hits="1"/>
						<line number="176" hits="1"/>
						<line number="177" hits="1"/>
						<line number="178" hits="1"/>
						<line number="179" hits="1"/>
						<line number="180" hits="1"/>
					</lines>
				</class>
				<class name="queries.py" filename="test/driver_asyncpg/msgspec/classes/queries.py" complexity="0" line-rate="0.9407" branch-rate="0.5">
					<methods/>
					<lines>
						<line number="6" hits="1"/>
						<line number="8" hits="1"/>
						<line number="14" hits="1"/>
						<line number="15" hits="1"/>
						<line number="23" hits="1"/>
						<line number="26" hits="1"/>
						<line number="34" hits="1"/>
						<line number="35" hits="1"/>
						<line number="38" hits="1"/>
						<line number="81" hits="1"/>
						<line number="82" hits="1"/>
						<line number="83" hits="1"/>
						<line number="84" hits="1"/>
						<line number="85" hits="1"/>
						<line number="86" hits="1"/>
						<line number="87" hits="1"/>
						<line number="88" hits="1"/>
						<line number="89" hits="1"/>
						<line number="90" hits="1"/>
						<line number="91" hits="1"/>
						<line number="92" hits="1"/>
						<line number="93" hits="1"/>
						<line number="94" hits="1"/>
						<line number="95" hits="1"/>
						<line number="96" hits="1"/>
						<line number="97" hits="1"/>
						<line number="98" hits="1"/>
						<line number="99" hits="1"/>
						<line number="100" hits="1"/>
						<line number="101" hits="1"/>
						<line number="102" hits="1"/>
						<line number="103" hits="1"/>
						<line number="104" hits="1"/>
						<line number="105" hits="1"/>
						<line number="106" hits="1"/>
						<line number="107" hits="1"/>
						<line number="108" hits="1"/>
						<line number="109" hits="1"/>
						<line number="110" hits="1"/>
						<line number="111" hits="1"/>
						<line number="112" hits="1"/>
						<line number="113" hits="1"/>
						<line number="114" hits="1"/>
						<line number="115" hits="1"/>
						<line number="116" hits="1"/>
						<line number="117" hits="1"/>
						<line number="120" hits="1"/>
						<line number="164" hits="1"/>
						<line number="208" hits="1"/>
						<line number="252" hits="1"/>
						<line number="296" hits="1"/>
						<line number="304" hits="1"/>
						<line number="310" hits="1"/>
						<line number="316" hits="1"/>
						<line number="322" hits="1"/>
						<line number="328" hits="1"/>
						<line number="335" hits="1"/>
						<line number="342" hits="1"/>
						<line number="348" hits="1"/>
						<line number="354" hits="1"/>
						<line number="360" hits="1"/>
						<line number="366" hits="1"/>
						<line number="372" hits="1"/>
						<line number="378" hits="1"/>
						<line number="384" hits="1"/>
						<line number="390" hits="1"/>
						<line number="397" hits="1"/>
						<line number="400" hits="1"/>
						<line number="402" hits="1"/>
						<line number="408" hits="1"/>
						<line number="410" hits="1"/>
						<line number="495" hits="1"/>
						<line number="497" hits="1"/>
						<line number="582" hits="1"/>
						<line number="584" hits="1"/>
						<line number="672" hits="1"/>
						<line number="674" hits="1"/>
						<line number="762" hits="1"/>
						<line number="763" hits="1"/>
						<line number="765" hits="1"/>
						<line number="779" hits="1"/>
						<line number="780" hits="1"/>
						<line number="782" hits="1"/>
						<line number="797" hits="1"/>
						<line number="799" hits="1"/>
						<line number="814" hits="0"/>
						<line number="815" hits="0"/>
						<line number="817" hits="1"/>
						<line number="829" hits="1"/>
						<line number="831" hits="1"/>
						<line number="843" hits="1"/>
						<line number="845" hits="1"/>
						<line number="861" hits="1"/>
						<line number="862" hits="1" branch="true" condition-coverage="50% (1/2)" missing-branches="863"/>
						<line number="863" hits="0"/>
						<line number="864" hits="1"/>
						<line number="866" hits="1"/>
						<line number="882" hits="1"/>
						<line number="883" hits="1" branch="true" condition-coverage="50% (1/2)" missing-branches="884"/>
						<line number="884" hits="0"/>
						<line number="885" hits="1"/>
						<line number="887" hits="1"/>
						<line number="902" hits="1"/>
						<line number="903" hits="1"/>
						<line number="908" hits="1"/>
						<line number="923" hits="1"/>
						<line number="924" hits="1"/>
						<line number="929" hits="1"/>
						<line number="944" hits="1"/>
						<line number="945" hits="1"/>
						<line number="950" hits="1"/>
						<line number="965" hits="1"/>
						<line number="966" hits="1" branch="true" condition-coverage="50% (1/2)" missing-branches="967"/>
						<line number="967" hits="0"/>
						<line number="968" hits="1"/>
						<line number="970" hits="1"/>
						<line number="985" hits="1"/>
						<line number="986" hits="1" branch="true" condition-coverage="50% (1/2)" missing-branches="987"/>
						<line number="987" hits="0"/>
						<line number="988" hits="1"/>
						<line number="990" hits="1"/>
						<line number="1005" hits="1"/>
						<line number="1006" hits="1" branch="true" condition-coverage="50% (1/2)" missing-branches="1007"/>
						<line number="1007" hits="0"/>
						<line number="1008" hits="1"/>
						<line number="1010" hits="1"/>
						<line number="1025" hits="1"/>
						<line number="1026" hits="1" branch="true" condition-coverage="50% (1/2)" missing-branches="1027"/>
						<line number="1027" hits="0"/>
						<line number="1028" hits="1"/>
						<line number="1030" hits="1"/>
						<line number="1045" hits="1"/>
						<line number="1047" hits="1"/>
						<line number="1062" hits="1"/>
						<line number="1063" hits="1"/>
					</lines>
				</class>
			</classes>
		</package>
		<package name="test.driver_asyncpg.msgspec.functions" line-rate="0.9617" branch-rate="0.5" complexity="0">
			<classes>
				<class name="__init__.py" filename="test/driver_asyncpg/msgspec/functions/__init__.py" complexity="0" line-rate="1" branch-rate="1">
					<methods/>
					<lines/>
				</class>
				<class name="models.py" filename="test/driver_asyncpg/msgspec/functions/models.py" complexity="0" line-rate="1" branch-rate="1">
					<methods/>
					<lines>
						<line number="6" hits="1"/>
						<line number="8" hits="1"/>
						<line number="13" hits="1"/>
						<line number="14" hits="1"/>
						<line number="23" hits="1"/>
						<line number="65" hits="1"/>
						<line number="66" hits="1"/>
						<line number="67" hits="1"/>
						<line number="68" hits="1"/>
						<line number="69" hits="1"/>
						<line number="70" hits="1"/>
						<line number="71" hits="1"/>
						<line number="72" hits="1"/>
						<line number="73" hits="1"/>
						<line number="74" hits="1"/>
						<line number="75" hits="1"/>
						<line number="76" hits="1"/>
						<line number="77" hits="1"/>
						<line number="78" hits="1"/>
						<line number="79" hits="1"/>
						<line number="80" hits="1"/>
						<line number="81" hits="1"/>
						<line number="82" hits="1"/>
						<line number="83" hits="1"/>
						<line number="84" hits="1"/>
						<line number="85" hits="1"/>
						<line number="86" hits="1"/>
						<line number="87" hits="1"/>
						<line number="88" hits="1"/>
						<line number="89" hits="1"/>
						<line number="90" hits="1"/>
						<line number="91" hits="1"/>
						<line number="92" hits="1"/>
						<line number="93" hits="1"/>
						<line number="94" hits="1"/>
						<line number="95" hits="1"/>
						<line number="96" hits="1"/>
						<line number="97" hits="1"/>
						<line number="98" hits="1"/>
						<line number="99" hits="1"/>
						<line number="100" hits="1"/>
						<line number="103" hits="1"/>
						<line number="145" hits="1"/>
						<line number="146" hits="1"/>
						<line number="147" hits="1"/>
						<line number="148" hits="1"/>
						<line number="149" hits="1"/>
						<line number="150" hits="1"/>
						<line number="151" hits="1"/>
						<line number="152" hits="1"/>
						<line number="153" hits="1"/>
						<line number="154" hits="1"/>
						<line number="155" hits="1"/>
						<line number="156" hits="1"/>
						<line number="157" hits="1"/>
						<line number="158" hits="1"/>
						<line number="159" hits="1"/>
						<line number="160" hits="1"/>
						<line number="161" hits="1"/>
						<line number="162" hits="1"/>
						<line number="163" hits="1"/>
						<line number="164" hits="1"/>
						<line number="165" hits="1"/>
						<line number="166" hits="1"/>
						<line number="167" hits="1"/>
						<line number="168" hits="1"/>
						<line number="169" hits="1"/>
						<line number="170" hits="1"/>
						<line number="171" hits="1"/>
						<line number="172" hits="1"/>
						<line number="173" hits="1"/>
						<line number="174" hits="1"/>
						<line number="175" hits="1"/>
						<line number="176" hits="1"/>
						<line number="177" hits="1"/>
						<line number="178" hits="1"/>
						<line number="179" hits="1"/>
						<line number="180" hits="1"/>
					</lines>
				</class>
				<class name="queries.py" filename="test/driver_asyncpg/msgspec/functions/queries.py" complexity="0" line-rate="0.9389" branch-rate="0.5">
					<methods/>
					<lines>
						<line number="6" hits="1"/>
						<line number="8" hits="1"/>
						<line number="33" hits="1"/>
						<line number="34" hits="1"/>
						<line number="42" hits="1"/>
						<line number="45" hits="1"/>
						<line number="53" hits="1"/>
						<line number="54" hits="1"/>
						<line number="57" hits="1"/>
						<line number="100" hits="1"/>
						<line number="101" hits="1"/>
						<line number="102" hits="1"/>
						<line number="103" hits="1"/>
						<line number="104" hits="1"/>
						<line number="105" hits="1"/>
						<line number="106" hits="1"/>
						<line number="107" hits="1"/>
						<line number="108" hits="1"/>
						<line number="109" hits="1"/>
						<line number="110" hits="1"/>
						<line number="111" hits="1"/>
						<line number="112" hits="1"/>
						<line number="113" hits="1"/>
						<line number="114" hits="1"/>
						<line number="115" hits="1"/>
						<line number="116" hits="1"/>
						<line number="117" hits="1"/>
						<line number="118" hits="1"/>
						<line number="119" hits="1"/>
						<line number="120" hits="1"/>
						<line number="121" hits="1"/>
						<line number="122" hits="1"/>
						<line number="123" hits="1"/>
						<line number="124" hits="1"/>
						<line number="125" hits="1"/>
						<line number="126" hits="1"/>
						<line number="127" hits="1"/>
						<line number="128" hits="1"/>
						<line number="129" hits="1"/>
						<line number="130" hits="1"/>
						<line number="131" hits="1"/>
						<line number="132" hits="1"/>
						<line number="133" hits="1"/>
						<line number="134" hits="1"/>
						<line number="135" hits="1"/>
						<line number="136" hits="1"/>
						<line number="139" hits="1"/>
						<line number="183" hits="1"/>
						<line number="227" hits="1"/>
						<line number="271" hits="1"/>
						<line number="315" hits="1"/>
						<line number="323" hits="1"/>
						<line number="329" hits="1"/>
						<line number="335" hits="1"/>
						<line number="341" hits="1"/>
						<line number="347" hits="1"/>
						<line number="354" hits="1"/>
						<line number="361" hits="1"/>
						<line number="367" hits="1"/>
						<line number="373" hits="1"/>
						<line number="379" hits="1"/>
						<line number="385" hits="1"/>
						<line number="391" hits="1"/>
						<line number="397" hits="1"/>
						<line number="403" hits="1"/>
						<line number="409" hits="1"/>
						<line number="416" hits="1"/>
						<line number="502" hits="1"/>
						<line number="505" hits="1"/>
						<line number="591" hits="1"/>
						<line number="594" hits="1"/>
						<line number="683" hits="1"/>
						<line number="686" hits="1"/>
						<line number="775" hits="1"/>
						<line number="776" hits="1"/>
						<line number="779" hits="1"/>
						<line number="796" hits="1"/>
						<line number="797" hits="1"/>
						<line number="800" hits="1"/>
						<line number="816" hits="1"/>
						<line number="819" hits="1"/>
						<line number="835" hits="0"/>
						<line number="836" hits="0"/>
						<line number="839" hits="1"/>
						<line number="852" hits="1"/>
						<line number="855" hits="1"/>
						<line number="868" hits="1"/>
						<line number="871" hits="1"/>
						<line number="888" hits="1"/>
						<line number="889" hits="1" branch="true" condition-coverage="50% (1/2)" missing-branches="890"/>
						<line number="890" hits="0"/>
						<line number="891" hits="1"/>
						<line number="894" hits="1"/>
						<line number="911" hits="1"/>
						<line number="912" hits="1" branch="true" condition-coverage="50% (1/2)" missing-branches="913"/>
						<line number="913" hits="0"/>
						<line number="914" hits="1"/>
						<line number="917" hits="1"/>
						<line number="933" hits="1"/>
						<line number="934" hits="1"/>
						<line number="940" hits="1"/>
						<line number="956" hits="1"/>
						<line number="957" hits="1"/>
						<line number="963" hits="1"/>
						<line number="979" hits="1"/>
						<line number="980" hits="1"/>
						<line number="986" hits="1"/>
						<line number="1002" hits="1"/>
						<line number="1003" hits="1" branch="true" condition-coverage="50% (1/2)" missing-branches="1004"/>
						<line number="1004" hits="0"/>
						<line number="1005" hits="1"/>
						<line number="1008" hits="1"/>
						<line number="1024" hits="1"/>
						<line number="1025" hits="1" branch="true" condition-coverage="50% (1/2)" missing-branches="1026"/>
						<line number="1026" hits="0"/>
						<line number="1027" hits="1"/>
						<line number="1030" hits="1"/>
						<line number="1046" hits="1"/>
						<line number="1047" hits="1" branch="true" condition-coverage="50% (1/2)" missing-branches="1048"/>
						<line number="1048" hits="0"/>
						<line number="1049" hits="1"/>
						<line number="1052" hits="1"/>
						<line number="1068" hits="1"/>
						<line number="1069" hits="1" branch="true" condition-coverage="50% (1/2)" missing-branches="1070"/>
						<line number="1070" hits="0"/>
						<line number="1071" hits="1"/>
						<line number="1074" hits="1"/>
						<line number="1090" hits="1"/>
						<line number="1093" hits="1"/>
						<line number="1109" hits="1"/>
						<line number="1110" hits="1"/>
					</lines>
				</class>
			</classes>
		</package>
	</packages>
</coverage>
